<?xml version="1.0" encoding="UTF-8"?>
<testng-results ignored="1" total="2" passed="1" failed="0" skipped="0">
  <reporter-output>
  </reporter-output>
  <suite started-at="2024-06-28T16:23:29 EDT" name="LoadTCMIP" finished-at="2024-06-28T16:24:31 EDT" duration-ms="61455">
    <groups>
    </groups>
    <test started-at="2024-06-28T16:23:29 EDT" name="Load TC in MIP" finished-at="2024-06-28T16:24:31 EDT" duration-ms="61455">
      <class name="loadTCMIP.LoadTCMIP">
        <test-method is-config="true" signature="beforeSuite()[pri:0, instance:loadTCMIP.LoadTCMIP@59af0466]" started-at="2024-06-28T16:23:29 EDT" name="beforeSuite" finished-at="2024-06-28T16:23:29 EDT" duration-ms="6" status="PASS">
          <reporter-output>
          </reporter-output>
        </test-method> <!-- beforeSuite -->
        <test-method is-config="true" signature="beforeTest(java.lang.String)[pri:0, instance:loadTCMIP.LoadTCMIP@59af0466]" started-at="2024-06-28T16:23:29 EDT" name="beforeTest" finished-at="2024-06-28T16:23:34 EDT" duration-ms="4788" status="PASS">
          <params>
            <param index="0">
              <value>
                <![CDATA[chrome]]>
              </value>
            </param>
          </params>
          <reporter-output>
          </reporter-output>
        </test-method> <!-- beforeTest -->
        <test-method signature="enterTC()[pri:0, instance:loadTCMIP.LoadTCMIP@59af0466]" started-at="2024-06-28T16:23:34 EDT" name="enterTC" finished-at="2024-06-28T16:24:31 EDT" duration-ms="56252" status="PASS">
          <reporter-output>
          </reporter-output>
        </test-method> <!-- enterTC -->
        <test-method is-config="true" signature="afterTest(boolean)[pri:0, instance:loadTCMIP.LoadTCMIP@59af0466]" started-at="2024-06-28T16:24:31 EDT" name="afterTest" finished-at="2024-06-28T16:24:31 EDT" duration-ms="400" status="PASS">
          <params>
            <param index="0">
              <value>
                <![CDATA[false]]>
              </value>
            </param>
          </params>
          <reporter-output>
          </reporter-output>
        </test-method> <!-- afterTest -->
        <test-method is-config="true" signature="afterSuite()[pri:0, instance:loadTCMIP.LoadTCMIP@59af0466]" started-at="2024-06-28T16:24:31 EDT" name="afterSuite" finished-at="2024-06-28T16:24:31 EDT" duration-ms="36" status="PASS">
          <reporter-output>
          </reporter-output>
        </test-method> <!-- afterSuite -->
      </class> <!-- loadTCMIP.LoadTCMIP -->
    </test> <!-- Load TC in MIP -->
  </suite> <!-- LoadTCMIP -->
</testng-results>
