<?xml version="1.0" encoding="UTF-8"?>
<testng-results ignored="1" total="2" passed="1" failed="0" skipped="0">
  <reporter-output>
  </reporter-output>
  <suite started-at="2024-11-15T11:08:40 EST" name="LoadTCMIP" finished-at="2024-11-15T11:09:44 EST" duration-ms="64200">
    <groups>
    </groups>
    <test started-at="2024-11-15T11:08:40 EST" name="Load TC in MIP" finished-at="2024-11-15T11:09:44 EST" duration-ms="64200">
      <class name="loadTCMIP.LoadTCMIP">
        <test-method is-config="true" signature="beforeSuite()[pri:0, instance:loadTCMIP.LoadTCMIP@d86a6f]" started-at="2024-11-15T11:08:40 EST" name="beforeSuite" finished-at="2024-11-15T11:08:40 EST" duration-ms="11" status="PASS">
          <reporter-output>
          </reporter-output>
        </test-method> <!-- beforeSuite -->
        <test-method is-config="true" signature="beforeTest(java.lang.String,boolean,java.lang.String,boolean)[pri:0, instance:loadTCMIP.LoadTCMIP@d86a6f]" started-at="2024-11-15T11:08:40 EST" name="beforeTest" finished-at="2024-11-15T11:08:52 EST" duration-ms="12042" status="PASS">
          <params>
            <param index="0">
              <value>
                <![CDATA[chrome]]>
              </value>
            </param>
            <param index="1">
              <value>
                <![CDATA[false]]>
              </value>
            </param>
            <param index="2">
              <value>
                <![CDATA[11/01/2024]]>
              </value>
            </param>
            <param index="3">
              <value>
                <![CDATA[true]]>
              </value>
            </param>
          </params>
          <reporter-output>
          </reporter-output>
        </test-method> <!-- beforeTest -->
        <test-method signature="enterTC()[pri:0, instance:loadTCMIP.LoadTCMIP@d86a6f]" started-at="2024-11-15T11:08:52 EST" name="enterTC" finished-at="2024-11-15T11:09:44 EST" duration-ms="51749" status="PASS">
          <reporter-output>
          </reporter-output>
        </test-method> <!-- enterTC -->
        <test-method is-config="true" signature="afterTest(boolean)[pri:0, instance:loadTCMIP.LoadTCMIP@d86a6f]" started-at="2024-11-15T11:09:44 EST" name="afterTest" finished-at="2024-11-15T11:09:44 EST" duration-ms="389" status="PASS">
          <params>
            <param index="0">
              <value>
                <![CDATA[false]]>
              </value>
            </param>
          </params>
          <reporter-output>
          </reporter-output>
        </test-method> <!-- afterTest -->
        <test-method is-config="true" signature="afterSuite()[pri:0, instance:loadTCMIP.LoadTCMIP@d86a6f]" started-at="2024-11-15T11:09:44 EST" name="afterSuite" finished-at="2024-11-15T11:09:44 EST" duration-ms="41" status="PASS">
          <reporter-output>
          </reporter-output>
        </test-method> <!-- afterSuite -->
      </class> <!-- loadTCMIP.LoadTCMIP -->
    </test> <!-- Load TC in MIP -->
  </suite> <!-- LoadTCMIP -->
</testng-results>
